GPU available: True, used: True
TPU available: False, using: 0 TPU cores
Multi-processing is handled by Slurm.
CUDA_VISIBLE_DEVICES: [0,1]
initializing ddp: GLOBAL_RANK: 20, MEMBER: 21/26
GPU available: True, used: True
TPU available: False, using: 0 TPU cores
Multi-processing is handled by Slurm.
CUDA_VISIBLE_DEVICES: [0,1]
initializing ddp: GLOBAL_RANK: 21, MEMBER: 22/26
GPU available: True, used: True
TPU available: False, using: 0 TPU cores
Multi-processing is handled by Slurm.
CUDA_VISIBLE_DEVICES: [0,1]
initializing ddp: GLOBAL_RANK: 6, MEMBER: 7/26
GPU available: True, used: True
TPU available: False, using: 0 TPU cores
Multi-processing is handled by Slurm.
CUDA_VISIBLE_DEVICES: [0,1]
initializing ddp: GLOBAL_RANK: 10, MEMBER: 11/26
GPU available: True, used: True
TPU available: False, using: 0 TPU cores
Multi-processing is handled by Slurm.
CUDA_VISIBLE_DEVICES: [0,1]
initializing ddp: GLOBAL_RANK: 11, MEMBER: 12/26
GPU available: True, used: True
TPU available: False, using: 0 TPU cores
Multi-processing is handled by Slurm.
CUDA_VISIBLE_DEVICES: [0,1]
initializing ddp: GLOBAL_RANK: 7, MEMBER: 8/26
GPU available: True, used: True
GPU available: True, used: True
TPU available: False, using: 0 TPU cores
Multi-processing is handled by Slurm.
CUDA_VISIBLE_DEVICES: [0,1]
initializing ddp: GLOBAL_RANK: 12, MEMBER: 13/26
GPU available: True, used: True
TPU available: False, using: 0 TPU cores
Multi-processing is handled by Slurm.
CUDA_VISIBLE_DEVICES: [0,1]
initializing ddp: GLOBAL_RANK: 16, MEMBER: 17/26
GPU available: True, used: True
TPU available: False, using: 0 TPU cores
Multi-processing is handled by Slurm.
CUDA_VISIBLE_DEVICES: [0,1]
initializing ddp: GLOBAL_RANK: 13, MEMBER: 14/26
TPU available: False, using: 0 TPU cores
Multi-processing is handled by Slurm.
CUDA_VISIBLE_DEVICES: [0,1]
initializing ddp: GLOBAL_RANK: 25, MEMBER: 26/26
GPU available: True, used: True
TPU available: False, using: 0 TPU cores
Multi-processing is handled by Slurm.
CUDA_VISIBLE_DEVICES: [0,1]
initializing ddp: GLOBAL_RANK: 17, MEMBER: 18/26
GPU available: True, used: True
TPU available: False, using: 0 TPU cores
Multi-processing is handled by Slurm.
CUDA_VISIBLE_DEVICES: [0,1]
initializing ddp: GLOBAL_RANK: 24, MEMBER: 25/26
GPU available: True, used: True
GPU available: True, used: True
TPU available: False, using: 0 TPU cores
Multi-processing is handled by Slurm.
CUDA_VISIBLE_DEVICES: [0,1]
initializing ddp: GLOBAL_RANK: 0, MEMBER: 1/26
TPU available: False, using: 0 TPU cores
Multi-processing is handled by Slurm.
CUDA_VISIBLE_DEVICES: [0,1]
initializing ddp: GLOBAL_RANK: 15, MEMBER: 16/26
GPU available: True, used: True
TPU available: False, using: 0 TPU cores
Multi-processing is handled by Slurm.
CUDA_VISIBLE_DEVICES: [0,1]
initializing ddp: GLOBAL_RANK: 14, MEMBER: 15/26
GPU available: True, used: True
GPU available: True, used: True
TPU available: False, using: 0 TPU cores
Multi-processing is handled by Slurm.
CUDA_VISIBLE_DEVICES: [0,1]
initializing ddp: GLOBAL_RANK: 18, MEMBER: 19/26
TPU available: False, using: 0 TPU cores
Multi-processing is handled by Slurm.
CUDA_VISIBLE_DEVICES: [0,1]
initializing ddp: GLOBAL_RANK: 23, MEMBER: 24/26
GPU available: True, used: True
TPU available: False, using: 0 TPU cores
Multi-processing is handled by Slurm.
CUDA_VISIBLE_DEVICES: [0,1]
initializing ddp: GLOBAL_RANK: 22, MEMBER: 23/26
GPU available: True, used: True
TPU available: False, using: 0 TPU cores
Multi-processing is handled by Slurm.
CUDA_VISIBLE_DEVICES: [0,1]
initializing ddp: GLOBAL_RANK: 1, MEMBER: 2/26
GPU available: True, used: True
TPU available: False, using: 0 TPU cores
Multi-processing is handled by Slurm.
CUDA_VISIBLE_DEVICES: [0,1]
initializing ddp: GLOBAL_RANK: 19, MEMBER: 20/26
GPU available: True, used: True
TPU available: False, using: 0 TPU cores
Multi-processing is handled by Slurm.
CUDA_VISIBLE_DEVICES: [0,1]
initializing ddp: GLOBAL_RANK: 5, MEMBER: 6/26
GPU available: True, used: True
TPU available: False, using: 0 TPU cores
Multi-processing is handled by Slurm.
CUDA_VISIBLE_DEVICES: [0,1]
initializing ddp: GLOBAL_RANK: 4, MEMBER: 5/26
GPU available: True, used: True
TPU available: False, using: 0 TPU cores
Multi-processing is handled by Slurm.
CUDA_VISIBLE_DEVICES: [0,1]
initializing ddp: GLOBAL_RANK: 9, MEMBER: 10/26
GPU available: True, used: True
TPU available: False, using: 0 TPU cores
Multi-processing is handled by Slurm.
CUDA_VISIBLE_DEVICES: [0,1]
initializing ddp: GLOBAL_RANK: 8, MEMBER: 9/26
GPU available: True, used: True
TPU available: False, using: 0 TPU cores
Multi-processing is handled by Slurm.
CUDA_VISIBLE_DEVICES: [0,1]
initializing ddp: GLOBAL_RANK: 3, MEMBER: 4/26
GPU available: True, used: True
TPU available: False, using: 0 TPU cores
----------------------------------------------------------------------------------------------------
Multi-processing is handled by Slurm.
distributed_backend=ddp
CUDA_VISIBLE_DEVICES: [0,1]
All DDP processes registered. Starting ddp with 26 processes
initializing ddp: GLOBAL_RANK: 2, MEMBER: 3/26
----------------------------------------------------------------------------------------------------
/usr/home/rlopez/.local/lib/python3.8/site-packages/pytorch_lightning/utilities/distributed.py:37: UserWarning: Could not log computational graph since the `model.example_input_array` attribute is not set or `input_array` was not given
  warnings.warn(*args, **kwargs)
Set SLURM handle signals.
Set SLURM handle signals.
Set SLURM handle signals.
Set SLURM handle signals.
Set SLURM handle signals.
Set SLURM handle signals.
Set SLURM handle signals.
Set SLURM handle signals.
Set SLURM handle signals.
Set SLURM handle signals.
Set SLURM handle signals.
Set SLURM handle signals.
Set SLURM handle signals.
Set SLURM handle signals.
Set SLURM handle signals.
Set SLURM handle signals.
Set SLURM handle signals.
Set SLURM handle signals.
Set SLURM handle signals.
Set SLURM handle signals.
Set SLURM handle signals.
Set SLURM handle signals.
Set SLURM handle signals.
Set SLURM handle signals.
Set SLURM handle signals.
Set SLURM handle signals.

  | Name     | Type     | Params
--------------------------------------
0 | cnntornn | CNNtoRNN | 25 M  
Saving latest checkpoint..
Saving latest checkpoint..
Saving latest checkpoint..
Saving latest checkpoint..
Saving latest checkpoint..
Saving latest checkpoint..
Saving latest checkpoint..
Saving latest checkpoint..
Saving latest checkpoint..
Saving latest checkpoint..
Saving latest checkpoint..
Saving latest checkpoint..
Saving latest checkpoint..
Saving latest checkpoint..
Saving latest checkpoint..
Saving latest checkpoint..
Saving latest checkpoint..
Saving latest checkpoint..
Saving latest checkpoint..
Saving latest checkpoint..
Saving latest checkpoint..
Saving latest checkpoint..
Saving latest checkpoint..
Saving latest checkpoint..
Saving latest checkpoint..
Saving latest checkpoint..


Profiler Report

Action              	|  Mean duration (s)	|  Total time (s) 
-----------------------------------------------------------------
on_train_start      	|  0.0076823      	|  0.0076823      
on_epoch_start      	|  0.00032362     	|  0.097086       
on_train_epoch_start	|  1.254e-05      	|  0.003762       
get_train_batch     	|  0.038268       	|  459.21         
on_batch_start      	|  1.7386e-05     	|  0.20342        
on_train_batch_start	|  1.2358e-05     	|  0.14459        
model_forward       	|  0.032397       	|  379.04         
model_backward      	|  0.015549       	|  181.92         
on_after_backward   	|  2.1848e-06     	|  0.025562       
optimizer_step      	|  0.003009       	|  35.205         
on_batch_end        	|  2.1913e-05     	|  0.25638        
on_train_batch_end  	|  0.00044549     	|  5.2122         
on_epoch_end        	|  2.6955e-05     	|  0.0080864      
on_train_epoch_end  	|  1.1093e-05     	|  0.0033278      
on_train_end        	|  0.00035287     	|  0.00035287     

