BASH=/bin/bash
BASHOPTS=cmdhist:extquote:force_fignore:hostcomplete:interactive_comments:progcomp:promptvars:sourcepath
BASH_ALIASES=()
BASH_ARGC=()
BASH_ARGV=()
BASH_CMDS=()
BASH_LINENO=([0]="0")
BASH_SOURCE=()
BASH_VERSINFO=([0]="4" [1]="2" [2]="46" [3]="2" [4]="release" [5]="x86_64-redhat-linux-gnu")
BASH_VERSION='4.2.46(2)-release'
BLAS=/cluster/apps/lapack/3.5.0/gnu/lib
COMET_DISABLE_AUTO_LOGGING=1
CPLUS_INCLUDE_PATH=/cluster/apps/lapack/3.5.0/gnu/include
CUDA_DIR=/cluster/apps/nvidia/cuda/9.1:/cluster/apps/nvidia/cuda/9.0
CUDA_HOME=/cluster/apps/nvidia/cuda/9.1:/cluster/apps/nvidia/cuda/9.0
CUDA_PATH=/cluster/apps/nvidia/cuda/9.1:/cluster/apps/nvidia/cuda/9.0
CUDA_VISIBLE_DEVICES=0,1
C_INCLUDE_PATH=/cluster/apps/lapack/3.5.0/gnu/include
DIRSTACK=()
EDITOR=vim
ENVIRONMENT=BATCH
EUID=10322
GPU_DEVICE_ORDINAL=0,1
GROUPS=()
HISTCONTROL=ignoredups
HISTSIZE=1000
HOME=/usr/home/rlopez
HOSTNAME=node121
HOSTTYPE=x86_64
IFS=$' \t\n'
INCLUDE=/cluster/apps/nvidia/cuda/9.1/include/:/cluster/apps/nvidia/cuda/9.0/include/:/cluster/apps/python/3.8.2/include
LANG=en_US.UTF-8
LAPACK=/cluster/apps/lapack/3.5.0/gnu/lib
LAPACKE_DIR=/cluster/apps/lapack/3.5.0/gnu
LC_CTYPE=UTF-8
LD_LIBRARY_PATH=/cluster/apps/nvidia/cuda/9.1/lib64:/cluster/apps/nvidia/cuda/9.0/lib64:/cluster/apps/gcc/5.3.0/lib64:/cluster/apps/gcc/5.3.0/lib:/cluster/apps/lapack/3.5.0/gnu/lib/:/cluster/apps/python/3.8.2/lib:/cluster/apps/python/3.8.2/lib/python3.8
LD_RUN_PATH=/cluster/apps/lapack/3.5.0/gnu/lib/
LESSOPEN='||/usr/bin/lesspipe.sh %s'
LOADEDMODULES=gcc/5.3.0:lapack/3.5.0/gnu:nvidia/cuda/9.0:python/3.8.2:nvidia/cuda/9.1
LOGNAME=rlopez
LS_COLORS='rs=0:di=38;5;27:ln=38;5;51:mh=44;38;5;15:pi=40;38;5;11:so=38;5;13:do=38;5;5:bd=48;5;232;38;5;11:cd=48;5;232;38;5;3:or=48;5;232;38;5;9:mi=05;48;5;232;38;5;15:su=48;5;196;38;5;15:sg=48;5;11;38;5;16:ca=48;5;196;38;5;226:tw=48;5;10;38;5;16:ow=48;5;10;38;5;21:st=48;5;21;38;5;15:ex=38;5;34:*.tar=38;5;9:*.tgz=38;5;9:*.arc=38;5;9:*.arj=38;5;9:*.taz=38;5;9:*.lha=38;5;9:*.lz4=38;5;9:*.lzh=38;5;9:*.lzma=38;5;9:*.tlz=38;5;9:*.txz=38;5;9:*.tzo=38;5;9:*.t7z=38;5;9:*.zip=38;5;9:*.z=38;5;9:*.Z=38;5;9:*.dz=38;5;9:*.gz=38;5;9:*.lrz=38;5;9:*.lz=38;5;9:*.lzo=38;5;9:*.xz=38;5;9:*.bz2=38;5;9:*.bz=38;5;9:*.tbz=38;5;9:*.tbz2=38;5;9:*.tz=38;5;9:*.deb=38;5;9:*.rpm=38;5;9:*.jar=38;5;9:*.war=38;5;9:*.ear=38;5;9:*.sar=38;5;9:*.rar=38;5;9:*.alz=38;5;9:*.ace=38;5;9:*.zoo=38;5;9:*.cpio=38;5;9:*.7z=38;5;9:*.rz=38;5;9:*.cab=38;5;9:*.jpg=38;5;13:*.jpeg=38;5;13:*.gif=38;5;13:*.bmp=38;5;13:*.pbm=38;5;13:*.pgm=38;5;13:*.ppm=38;5;13:*.tga=38;5;13:*.xbm=38;5;13:*.xpm=38;5;13:*.tif=38;5;13:*.tiff=38;5;13:*.png=38;5;13:*.svg=38;5;13:*.svgz=38;5;13:*.mng=38;5;13:*.pcx=38;5;13:*.mov=38;5;13:*.mpg=38;5;13:*.mpeg=38;5;13:*.m2v=38;5;13:*.mkv=38;5;13:*.webm=38;5;13:*.ogm=38;5;13:*.mp4=38;5;13:*.m4v=38;5;13:*.mp4v=38;5;13:*.vob=38;5;13:*.qt=38;5;13:*.nuv=38;5;13:*.wmv=38;5;13:*.asf=38;5;13:*.rm=38;5;13:*.rmvb=38;5;13:*.flc=38;5;13:*.avi=38;5;13:*.fli=38;5;13:*.flv=38;5;13:*.gl=38;5;13:*.dl=38;5;13:*.xcf=38;5;13:*.xwd=38;5;13:*.yuv=38;5;13:*.cgm=38;5;13:*.emf=38;5;13:*.axv=38;5;13:*.anx=38;5;13:*.ogv=38;5;13:*.ogx=38;5;13:*.aac=38;5;45:*.au=38;5;45:*.flac=38;5;45:*.mid=38;5;45:*.midi=38;5;45:*.mka=38;5;45:*.mp3=38;5;45:*.mpc=38;5;45:*.ogg=38;5;45:*.ra=38;5;45:*.wav=38;5;45:*.axa=38;5;45:*.oga=38;5;45:*.spx=38;5;45:*.xspf=38;5;45:'
MACHTYPE=x86_64-redhat-linux-gnu
MAIL=/var/spool/mail/rlopez
MANPATH=/opt/xcat/share/man:/usr/share/man
MODULEPATH=/usr/share/Modules/modulefiles:/etc/modulefiles:/cluster/modulefiles
MODULESHOME=/usr/share/Modules
OPTERR=1
OPTIND=1
OSTYPE=linux-gnu
PATH=/cluster/apps/nvidia/cuda/9.1/samples/bin/x86_64/linux/release/:/cluster/apps/nvidia/cuda/9.1/nvvm/:/cluster/apps/nvidia/cuda/9.1/open64/bin/:/cluster/apps/nvidia/cuda/9.1/bin/:/cluster/apps/nvidia/cuda/9.0/samples/bin/x86_64/linux/release/:/cluster/apps/nvidia/cuda/9.0/nvvm/:/cluster/apps/nvidia/cuda/9.0/open64/bin/:/cluster/apps/nvidia/cuda/9.0/bin/:/cluster/apps/gcc/5.3.0/bin:/cluster/apps/python/3.8.2/bin:/opt/xcat/bin:/opt/xcat/sbin:/opt/xcat/share/xcat/tools:/usr/lib64/qt-3.3/bin:/usr/home/rlopez/perl5/bin:/usr/local/bin:/usr/bin:/usr/local/sbin:/usr/sbin:.:/usr/local2/scripts
PERL5LIB=/usr/home/rlopez/perl5/lib/perl5:
PERL_BADLANG=0
PERL_LOCAL_LIB_ROOT=:/usr/home/rlopez/perl5
PERL_MB_OPT='--install_base /usr/home/rlopez/perl5'
PERL_MM_OPT=INSTALL_BASE=/usr/home/rlopez/perl5
PIPESTATUS=([0]="0")
PPID=15982
PS4='+ '
PWD=/usr/data/bgfs1/rlopez/DL_project/DL-Project/pl_version_cluster
PYTHONHOME=/cluster/apps/python/3.8.2
PYTHONPATH=/cluster/apps/python/3.8.2/lib/python3.8/site-packages:/cluster/apps/python/3.8.2/lib/python3.8
QTDIR=/usr/lib64/qt-3.3
QTINC=/usr/lib64/qt-3.3/include
QTLIB=/usr/lib64/qt-3.3/lib
QT_GRAPHICSSYSTEM_CHECKED=1
SHELL=/bin/bash
SHELLOPTS=braceexpand:hashall:interactive-comments
SHLVL=3
SLURMD_NODENAME=node121
SLURM_CHECKPOINT_IMAGE_DIR=/var/slurm/checkpoint
SLURM_CLUSTER_NAME=hot
SLURM_CPUS_ON_NODE=2
SLURM_CPUS_PER_TASK=1
SLURM_GTIDS=0
SLURM_JOBID=692160
SLURM_JOB_ACCOUNT=normal
SLURM_JOB_CPUS_PER_NODE='2(x11)'
SLURM_JOB_GID=210
SLURM_JOB_GPUS=0,1
SLURM_JOB_ID=692160
SLURM_JOB_NAME=grid_testv12
SLURM_JOB_NODELIST='node[121,124,128-129,133,139,153,156,159,191-192]'
SLURM_JOB_NUM_NODES=11
SLURM_JOB_PARTITION=gpu2
SLURM_JOB_QOS=normal
SLURM_JOB_UID=10322
SLURM_JOB_USER=rlopez
SLURM_LOCALID=0
SLURM_MEM_PER_NODE=1
SLURM_NNODES=11
SLURM_NODEID=0
SLURM_NODELIST='node[121,124,128-129,133,139,153,156,159,191-192]'
SLURM_NODE_ALIASES='(null)'
SLURM_NPROCS=22
SLURM_NTASKS=22
SLURM_NTASKS_PER_NODE=2
SLURM_PRIO_PROCESS=0
SLURM_PROCID=0
SLURM_SUBMIT_DIR=/usr/data/bgfs1/rlopez/DL_project/DL-Project/pl_version_cluster
SLURM_SUBMIT_HOST=hot.mpikg.mpg.de
SLURM_TASKS_PER_NODE='2(x11)'
SLURM_TASK_PID=15986
SLURM_TOPOLOGY_ADDR=node121
SLURM_TOPOLOGY_ADDR_PATTERN=node
SLURM_WORKING_CLUSTER=hot:hot:6817:8192
SSH_CLIENT='141.14.231.11 47420 22'
SSH_CONNECTION='141.14.231.11 47420 141.14.232.106 22'
SSH_TTY=/dev/pts/184
TERM=xterm-256color
TMPDIR=/tmp
UID=10322
USER=rlopez
XCATROOT=/opt/xcat
XDG_RUNTIME_DIR=/run/user/10322
XDG_SESSION_ID=52203
_=nvidia/cuda/9.1
_LMFILES_=/cluster/modulefiles/gcc/5.3.0:/cluster/modulefiles/lapack/3.5.0/gnu:/cluster/modulefiles/nvidia/cuda/9.0:/cluster/modulefiles/python/3.8.2:/cluster/modulefiles/nvidia/cuda/9.1
module () 
{ 
    eval `/usr/bin/modulecmd bash $*`
}
Caught exception in worker thread No GPUs available.
Caught exception in worker thread No GPUs available.
Caught exception in worker thread Socket Timeout
Caught exception in worker thread Socket Timeout
Caught exception in worker thread Socket Timeout
Caught exception in worker thread Socket Timeout
Caught exception in worker thread Socket Timeout
Caught exception in worker thread Socket Timeout
Caught exception in worker thread Socket Timeout
Caught exception in worker thread Socket Timeout
Caught exception in worker thread Socket Timeout
Caught exception in worker thread Socket Timeout
Caught exception in worker thread Socket Timeout
Caught exception in worker thread Socket Timeout
Caught exception in worker thread Socket Timeout
Caught exception in worker thread Socket Timeout
Caught exception in worker thread Socket Timeout
