cpu-bind=MASK - node101, task  0  0 [23397]: mask 0xc00 set
cpu-bind=MASK - node147, task 15  1 [30087]: mask 0x800 set
cpu-bind=MASK - node176, task 21  1 [28986]: mask 0x800 set
cpu-bind=MASK - node101, task  0  0 [23427]: mask 0x400 set
cpu-bind=MASK - node149, task 17  1 [10220]: mask 0x800 set
cpu-bind=MASK - node109, task  7  1 [15700]: mask 0x800 set
cpu-bind=MASK - node103, task  3  1 [11928]: mask 0x800 set
cpu-bind=MASK - node108, task  4  0 [26328]: mask 0x400 set
cpu-bind=MASK - node112, task 10  0 [10586]: mask 0x400 set
cpu-bind=MASK - node111, task  8  0 [5962]: mask 0x400 set
cpu-bind=MASK - node157, task 19  1 [12042]: mask 0x20000 set
cpu-bind=MASK - node147, task 14  0 [30086]: mask 0x400 set
cpu-bind=MASK - node176, task 20  0 [28985]: mask 0x400 set
cpu-bind=MASK - node101, task  1  1 [23428]: mask 0x800 set
cpu-bind=MASK - node149, task 16  0 [10219]: mask 0x400 set
cpu-bind=MASK - node109, task  6  0 [15699]: mask 0x400 set
cpu-bind=MASK - node103, task  2  0 [11927]: mask 0x400 set
cpu-bind=MASK - node108, task  5  1 [26329]: mask 0x800 set
cpu-bind=MASK - node112, task 11  1 [10587]: mask 0x800 set
cpu-bind=MASK - node111, task  9  1 [5963]: mask 0x800 set
cpu-bind=MASK - node157, task 18  0 [12041]: mask 0x400 set
cpu-bind=MASK - node118, task 12  0 [10465]: mask 0x1 set
cpu-bind=MASK - node118, task 13  1 [10466]: mask 0x2 set
GPU available: True, used: True
TPU available: False, using: 0 TPU cores
Multi-processing is handled by Slurm.
CUDA_VISIBLE_DEVICES: [0,1]
initializing ddp: GLOBAL_RANK: 17, MEMBER: 18/22
GPU available: True, used: True
TPU available: False, using: 0 TPU cores
Multi-processing is handled by Slurm.
CUDA_VISIBLE_DEVICES: [0,1]
initializing ddp: GLOBAL_RANK: 19, MEMBER: 20/22
GPU available: True, used: True
TPU available: False, using: 0 TPU cores
Multi-processing is handled by Slurm.
CUDA_VISIBLE_DEVICES: [0,1]
initializing ddp: GLOBAL_RANK: 15, MEMBER: 16/22
GPU available: True, used: True
TPU available: False, using: 0 TPU cores
Multi-processing is handled by Slurm.
CUDA_VISIBLE_DEVICES: [0,1]
initializing ddp: GLOBAL_RANK: 5, MEMBER: 6/22
GPU available: True, used: True
TPU available: False, using: 0 TPU cores
Multi-processing is handled by Slurm.
CUDA_VISIBLE_DEVICES: [0,1]
initializing ddp: GLOBAL_RANK: 11, MEMBER: 12/22
GPU available: True, used: True
TPU available: False, using: 0 TPU cores
Multi-processing is handled by Slurm.
CUDA_VISIBLE_DEVICES: [0,1]
initializing ddp: GLOBAL_RANK: 21, MEMBER: 22/22
GPU available: True, used: True
TPU available: False, using: 0 TPU cores
Multi-processing is handled by Slurm.
CUDA_VISIBLE_DEVICES: [0,1]
initializing ddp: GLOBAL_RANK: 12, MEMBER: 13/22
GPU available: True, used: True
TPU available: False, using: 0 TPU cores
Multi-processing is handled by Slurm.
CUDA_VISIBLE_DEVICES: [0,1]
initializing ddp: GLOBAL_RANK: 13, MEMBER: 14/22
GPU available: True, used: True
TPU available: False, using: 0 TPU cores
Multi-processing is handled by Slurm.
CUDA_VISIBLE_DEVICES: [0,1]
initializing ddp: GLOBAL_RANK: 7, MEMBER: 8/22
GPU available: True, used: True
TPU available: False, using: 0 TPU cores
Multi-processing is handled by Slurm.
CUDA_VISIBLE_DEVICES: [0,1]
initializing ddp: GLOBAL_RANK: 9, MEMBER: 10/22
GPU available: True, used: True
TPU available: False, using: 0 TPU cores
Multi-processing is handled by Slurm.
CUDA_VISIBLE_DEVICES: [0,1]
initializing ddp: GLOBAL_RANK: 6, MEMBER: 7/22
GPU available: True, used: True
TPU available: False, using: 0 TPU cores
Multi-processing is handled by Slurm.
CUDA_VISIBLE_DEVICES: [0,1]
initializing ddp: GLOBAL_RANK: 16, MEMBER: 17/22
GPU available: True, used: True
TPU available: False, using: 0 TPU cores
Multi-processing is handled by Slurm.
CUDA_VISIBLE_DEVICES: [0,1]
initializing ddp: GLOBAL_RANK: 10, MEMBER: 11/22
GPU available: True, used: True
TPU available: False, using: 0 TPU cores
Multi-processing is handled by Slurm.
CUDA_VISIBLE_DEVICES: [0,1]
initializing ddp: GLOBAL_RANK: 20, MEMBER: 21/22
GPU available: True, used: True
TPU available: False, using: 0 TPU cores
Multi-processing is handled by Slurm.
CUDA_VISIBLE_DEVICES: [0,1]
initializing ddp: GLOBAL_RANK: 14, MEMBER: 15/22
GPU available: True, used: True
TPU available: False, using: 0 TPU cores
Multi-processing is handled by Slurm.
CUDA_VISIBLE_DEVICES: [0,1]
initializing ddp: GLOBAL_RANK: 8, MEMBER: 9/22
GPU available: True, used: True
TPU available: False, using: 0 TPU cores
Multi-processing is handled by Slurm.
CUDA_VISIBLE_DEVICES: [0,1]
initializing ddp: GLOBAL_RANK: 4, MEMBER: 5/22
GPU available: True, used: True
TPU available: False, using: 0 TPU cores
Multi-processing is handled by Slurm.
CUDA_VISIBLE_DEVICES: [0,1]
initializing ddp: GLOBAL_RANK: 3, MEMBER: 4/22
GPU available: True, used: True
TPU available: False, using: 0 TPU cores
Multi-processing is handled by Slurm.
CUDA_VISIBLE_DEVICES: [0,1]
initializing ddp: GLOBAL_RANK: 1, MEMBER: 2/22
GPU available: True, used: True
TPU available: False, using: 0 TPU cores
Multi-processing is handled by Slurm.
CUDA_VISIBLE_DEVICES: [0,1]
initializing ddp: GLOBAL_RANK: 2, MEMBER: 3/22
GPU available: True, used: True
TPU available: False, using: 0 TPU cores
Multi-processing is handled by Slurm.
CUDA_VISIBLE_DEVICES: [0,1]
initializing ddp: GLOBAL_RANK: 0, MEMBER: 1/22
GPU available: True, used: True
TPU available: False, using: 0 TPU cores
Multi-processing is handled by Slurm.
CUDA_VISIBLE_DEVICES: [0,1]
initializing ddp: GLOBAL_RANK: 18, MEMBER: 19/22
----------------------------------------------------------------------------------------------------
distributed_backend=ddp
All DDP processes registered. Starting ddp with 22 processes
----------------------------------------------------------------------------------------------------
/usr/home/rlopez/.local/lib/python3.8/site-packages/pytorch_lightning/utilities/distributed.py:37: UserWarning: Could not log computational graph since the `model.example_input_array` attribute is not set or `input_array` was not given
  warnings.warn(*args, **kwargs)
Set SLURM handle signals.
Set SLURM handle signals.
Set SLURM handle signals.
Set SLURM handle signals.
Set SLURM handle signals.
Set SLURM handle signals.
Set SLURM handle signals.
Set SLURM handle signals.
Set SLURM handle signals.
Set SLURM handle signals.
Set SLURM handle signals.
Set SLURM handle signals.
Set SLURM handle signals.
Set SLURM handle signals.
Set SLURM handle signals.
Set SLURM handle signals.
Set SLURM handle signals.
Set SLURM handle signals.
Set SLURM handle signals.
Set SLURM handle signals.
Set SLURM handle signals.
Set SLURM handle signals.

  | Name    | Type      | Params
--------------------------------------
0 | resnet  | ResNet    | 11 M  
1 | relu    | ReLU      | 0     
2 | drop    | Dropout   | 0     
3 | embed   | Embedding | 2 M   
4 | lstm    | LSTM      | 321 K 
5 | linear  | Linear    | 2 M   
6 | dropout | Dropout   | 0     
Saving latest checkpoint..
Saving latest checkpoint..
Saving latest checkpoint..
Saving latest checkpoint..
Saving latest checkpoint..
Saving latest checkpoint..
Saving latest checkpoint..
Saving latest checkpoint..
Saving latest checkpoint..
Saving latest checkpoint..
Saving latest checkpoint..
Saving latest checkpoint..
Saving latest checkpoint..
Saving latest checkpoint..
Saving latest checkpoint..
Saving latest checkpoint..
Saving latest checkpoint..
Saving latest checkpoint..
Saving latest checkpoint..
Saving latest checkpoint..
Saving latest checkpoint..
Saving latest checkpoint..


Profiler Report

Action              	|  Mean duration (s)	|  Total time (s) 
-----------------------------------------------------------------
on_train_start      	|  0.0026604      	|  0.0026604      
on_epoch_start      	|  0.0003323      	|  0.016615       
on_train_epoch_start	|  1.2027e-05     	|  0.00060135     
get_train_batch     	|  0.0051329      	|  194.54         
on_batch_start      	|  4.7446e-05     	|  1.7958         
on_train_batch_start	|  3.7978e-05     	|  1.4375         
model_forward       	|  0.032989       	|  1248.6         
model_backward      	|  0.055092       	|  2085.2         
on_after_backward   	|  2.9214e-06     	|  0.11058        
optimizer_step      	|  0.028764       	|  1088.7         
on_batch_end        	|  5.5782e-05     	|  2.1114         
on_train_batch_end  	|  0.0012389      	|  46.891         
on_epoch_end        	|  2.7407e-05     	|  0.0013704      
on_train_epoch_end  	|  1.2506e-05     	|  0.0006253      
on_train_end        	|  0.00038129     	|  0.00038129     

